  GameEngine.cpp
c:\program files (x86)\microsoft visual studio\2017\community\vc\tools\msvc\14.15.26726\include\xutility(3084): error C2672: 'operator __surrogate_func': no matching overloaded function found
  c:\program files (x86)\microsoft visual studio\2017\community\vc\tools\msvc\14.15.26726\include\xutility(3112): note: see reference to function template instantiation 'bool std::_Equal_unchecked1<_InIt1,_InIt2,_Pr>(_InIt1,const _InIt1,_InIt2,_Pr,std::false_type)' being compiled
          with
          [
              _InIt1=const Unit *,
              _InIt2=const Unit *,
              _Pr=std::equal_to<void>
          ]
  c:\program files (x86)\microsoft visual studio\2017\community\vc\tools\msvc\14.15.26726\include\xutility(3125): note: see reference to function template instantiation 'bool std::_Equal_unchecked<const Unit*,const Unit*,_Fn>(const _InIt1,const _InIt1,const _InIt2,_Pr)' being compiled
          with
          [
              _Fn=std::equal_to<void>,
              _InIt1=const Unit *,
              _InIt2=const Unit *,
              _Pr=std::equal_to<void>
          ]
  c:\program files (x86)\microsoft visual studio\2017\community\vc\tools\msvc\14.15.26726\include\xutility(3166): note: see reference to function template instantiation 'bool std::equal<_InIt1,_InIt2,std::equal_to<void>>(const _InIt1,const _InIt1,const _InIt2,_Pr)' being compiled
          with
          [
              _InIt1=std::_Vector_const_iterator<std::_Vector_val<std::_Simple_types<Unit>>>,
              _InIt2=std::_Vector_const_iterator<std::_Vector_val<std::_Simple_types<Unit>>>,
              _Pr=std::equal_to<void>
          ]
  c:\program files (x86)\microsoft visual studio\2017\community\vc\tools\msvc\14.15.26726\include\vector(1988): note: see reference to function template instantiation 'bool std::equal<std::_Vector_const_iterator<std::_Vector_val<std::_Simple_types<_Ty>>>,std::_Vector_const_iterator<std::_Vector_val<std::_Simple_types<_Ty>>>>(const _InIt1,const _InIt1,const _InIt2)' being compiled
          with
          [
              _Ty=Unit,
              _InIt1=std::_Vector_const_iterator<std::_Vector_val<std::_Simple_types<Unit>>>,
              _InIt2=std::_Vector_const_iterator<std::_Vector_val<std::_Simple_types<Unit>>>
          ]
  d:\c++ projects\2dchess\2dchess\src\body\gameengine.cpp(88): note: see reference to function template instantiation 'bool std::operator ==<Unit,std::allocator<_Ty>>(const std::vector<_Ty,std::allocator<_Ty>> &,const std::vector<_Ty,std::allocator<_Ty>> &)' being compiled
          with
          [
              _Ty=Unit
          ]
c:\program files (x86)\microsoft visual studio\2017\community\vc\tools\msvc\14.15.26726\include\xutility(3084): error C2893: Failed to specialize function template 'unknown-type std::equal_to<void>::operator ()(_Ty1 &&,_Ty2 &&) const'
  c:\program files (x86)\microsoft visual studio\2017\community\vc\tools\msvc\14.15.26726\include\xutility(3084): note: With the following template arguments:
  c:\program files (x86)\microsoft visual studio\2017\community\vc\tools\msvc\14.15.26726\include\xutility(3084): note: '_Ty1=const Unit &'
  c:\program files (x86)\microsoft visual studio\2017\community\vc\tools\msvc\14.15.26726\include\xutility(3084): note: '_Ty2=const Unit &'
